<?xml version="1.0" encoding="UTF-8"?>
<testsuite name="com.example.kafka.service.KafkaProducerServiceTest" tests="1" skipped="0" failures="0" errors="0" timestamp="2024-06-21T16:55:13" hostname="192.168.1.7" time="0.003">
  <properties/>
  <testcase name="testSendMessage()" classname="com.example.kafka.service.KafkaProducerServiceTest" time="0.003"/>
  <system-out><![CDATA[2024-06-21T22:25:13.388+05:30  INFO 89459 --- [    Test worker] t.c.s.AnnotationConfigContextLoaderUtils : Could not detect default configuration classes for test class [com.example.kafka.service.KafkaProducerServiceTest]: KafkaProducerServiceTest does not declare any static, non-private, non-final, nested classes annotated with @Configuration.
2024-06-21T22:25:13.391+05:30  INFO 89459 --- [    Test worker] .b.t.c.SpringBootTestContextBootstrapper : Found @SpringBootConfiguration com.example.kafka.Main for test class com.example.kafka.service.KafkaProducerServiceTest
2024-06-21T22:25:13.393+05:30  INFO 89459 --- [er-event-thread] state.change.logger                      : [Controller id=0 epoch=1] Changed partition __consumer_offsets-4 from NewPartition to OnlinePartition with state LeaderAndIsr(leader=0, leaderEpoch=0, isr=List(0), leaderRecoveryState=RECOVERED, partitionEpoch=0)
2024-06-21T22:25:13.393+05:30  INFO 89459 --- [er-event-thread] state.change.logger                      : [Controller id=0 epoch=1] Changed partition __consumer_offsets-3 from NewPartition to OnlinePartition with state LeaderAndIsr(leader=0, leaderEpoch=0, isr=List(0), leaderRecoveryState=RECOVERED, partitionEpoch=0)
2024-06-21T22:25:13.393+05:30  INFO 89459 --- [er-event-thread] state.change.logger                      : [Controller id=0 epoch=1] Changed partition __consumer_offsets-2 from NewPartition to OnlinePartition with state LeaderAndIsr(leader=0, leaderEpoch=0, isr=List(0), leaderRecoveryState=RECOVERED, partitionEpoch=0)
2024-06-21T22:25:13.393+05:30  INFO 89459 --- [er-event-thread] state.change.logger                      : [Controller id=0 epoch=1] Changed partition __consumer_offsets-0 from NewPartition to OnlinePartition with state LeaderAndIsr(leader=0, leaderEpoch=0, isr=List(0), leaderRecoveryState=RECOVERED, partitionEpoch=0)
2024-06-21T22:25:13.393+05:30  INFO 89459 --- [er-event-thread] state.change.logger                      : [Controller id=0 epoch=1] Changed partition __consumer_offsets-1 from NewPartition to OnlinePartition with state LeaderAndIsr(leader=0, leaderEpoch=0, isr=List(0), leaderRecoveryState=RECOVERED, partitionEpoch=0)
2024-06-21T22:25:13.393+05:30  INFO 89459 --- [er-event-thread] state.change.logger                      : [Controller id=0 epoch=1] Sending LeaderAndIsr request to broker 0 with 5 become-leader and 0 become-follower partitions
2024-06-21T22:25:13.393+05:30  INFO 89459 --- [er-event-thread] state.change.logger                      : [Controller id=0 epoch=1] Sending UpdateMetadata request to brokers HashSet(0) for 5 partitions
2024-06-21T22:25:13.393+05:30  INFO 89459 --- [er-event-thread] state.change.logger                      : [Controller id=0 epoch=1] Sending UpdateMetadata request to brokers HashSet() for 0 partitions
2024-06-21T22:25:13.394+05:30  INFO 89459 --- [quest-handler-4] state.change.logger                      : [Broker id=0] Handling LeaderAndIsr request correlationId 3 from controller 0 for 5 partitions
2024-06-21T22:25:13.398+05:30  INFO 89459 --- [quest-handler-4] kafka.server.ReplicaFetcherManager       : [ReplicaFetcherManager on broker 0] Removed fetcher for partitions HashSet(__consumer_offsets-4, __consumer_offsets-3, __consumer_offsets-2, __consumer_offsets-0, __consumer_offsets-1)
2024-06-21T22:25:13.398+05:30  INFO 89459 --- [quest-handler-4] state.change.logger                      : [Broker id=0] Stopped fetchers as part of LeaderAndIsr request correlationId 3 from controller 0 epoch 1 as part of the become-leader transition for 5 partitions
2024-06-21T22:25:13.402+05:30  INFO 89459 --- [quest-handler-4] kafka.log.UnifiedLog$                    : [LogLoader partition=__consumer_offsets-3, dir=/var/folders/22/k85s8fsx4fd3yz59ymwrqgz80000gn/T/spring.kafka.33e47697-d846-49e2-98cc-e389118422ef2040092462775706215] Loading producer state till offset 0 with message format version 2
2024-06-21T22:25:13.402+05:30  INFO 89459 --- [quest-handler-4] kafka.log.LogManager                     : Created log for partition __consumer_offsets-3 in /var/folders/22/k85s8fsx4fd3yz59ymwrqgz80000gn/T/spring.kafka.33e47697-d846-49e2-98cc-e389118422ef2040092462775706215/__consumer_offsets-3 with properties {cleanup.policy=compact, compression.type="producer", segment.bytes=104857600}

  .   ____          _            __ _ _
 /\\ / ___'_ __ _ _(_)_ __  __ _ \ \ \ \
( ( )\___ | '_ | '_| | '_ \/ _` | \ \ \ \
 \\/  ___)| |_)| | | | | || (_| |  ) ) ) )
  '  |____| .__|_| |_|_| |_\__, | / / / /
 =========|_|==============|___/=/_/_/_/
 :: Spring Boot ::                (v3.1.1)

2024-06-21T22:25:13.402+05:30  INFO 89459 --- [quest-handler-4] kafka.cluster.Partition                  : [Partition __consumer_offsets-3 broker=0] No checkpointed highwatermark is found for partition __consumer_offsets-3
2024-06-21T22:25:13.402+05:30  INFO 89459 --- [quest-handler-4] kafka.cluster.Partition                  : [Partition __consumer_offsets-3 broker=0] Log loaded for partition __consumer_offsets-3 with initial high watermark 0
2024-06-21T22:25:13.402+05:30  INFO 89459 --- [quest-handler-4] state.change.logger                      : [Broker id=0] Leader __consumer_offsets-3 with topic id Some(xGbpqRHWRAyZEmah71fDXQ) starts at leader epoch 0 from offset 0 with partition epoch 0, high watermark 0, ISR [0], adding replicas [] and removing replicas []. Previous leader epoch was -1.
2024-06-21T22:25:13.404+05:30  INFO 89459 --- [    Test worker] c.e.k.service.KafkaProducerServiceTest   : Starting KafkaProducerServiceTest using Java 20.0.2 with PID 89459 (started by ekankaar in /Users/ekankaar/IdeaProjects/kafka1)
2024-06-21T22:25:13.404+05:30  INFO 89459 --- [    Test worker] c.e.k.service.KafkaProducerServiceTest   : No active profile set, falling back to 1 default profile: "default"
2024-06-21T22:25:13.412+05:30  INFO 89459 --- [quest-handler-4] kafka.log.UnifiedLog$                    : [LogLoader partition=__consumer_offsets-2, dir=/var/folders/22/k85s8fsx4fd3yz59ymwrqgz80000gn/T/spring.kafka.33e47697-d846-49e2-98cc-e389118422ef2040092462775706215] Loading producer state till offset 0 with message format version 2
2024-06-21T22:25:13.412+05:30  INFO 89459 --- [quest-handler-4] kafka.log.LogManager                     : Created log for partition __consumer_offsets-2 in /var/folders/22/k85s8fsx4fd3yz59ymwrqgz80000gn/T/spring.kafka.33e47697-d846-49e2-98cc-e389118422ef2040092462775706215/__consumer_offsets-2 with properties {cleanup.policy=compact, compression.type="producer", segment.bytes=104857600}
2024-06-21T22:25:13.412+05:30  INFO 89459 --- [quest-handler-4] kafka.cluster.Partition                  : [Partition __consumer_offsets-2 broker=0] No checkpointed highwatermark is found for partition __consumer_offsets-2
2024-06-21T22:25:13.412+05:30  INFO 89459 --- [quest-handler-4] kafka.cluster.Partition                  : [Partition __consumer_offsets-2 broker=0] Log loaded for partition __consumer_offsets-2 with initial high watermark 0
2024-06-21T22:25:13.412+05:30  INFO 89459 --- [quest-handler-4] state.change.logger                      : [Broker id=0] Leader __consumer_offsets-2 with topic id Some(xGbpqRHWRAyZEmah71fDXQ) starts at leader epoch 0 from offset 0 with partition epoch 0, high watermark 0, ISR [0], adding replicas [] and removing replicas []. Previous leader epoch was -1.
2024-06-21T22:25:13.422+05:30  INFO 89459 --- [quest-handler-4] kafka.log.UnifiedLog$                    : [LogLoader partition=__consumer_offsets-4, dir=/var/folders/22/k85s8fsx4fd3yz59ymwrqgz80000gn/T/spring.kafka.33e47697-d846-49e2-98cc-e389118422ef2040092462775706215] Loading producer state till offset 0 with message format version 2
2024-06-21T22:25:13.422+05:30  INFO 89459 --- [quest-handler-4] kafka.log.LogManager                     : Created log for partition __consumer_offsets-4 in /var/folders/22/k85s8fsx4fd3yz59ymwrqgz80000gn/T/spring.kafka.33e47697-d846-49e2-98cc-e389118422ef2040092462775706215/__consumer_offsets-4 with properties {cleanup.policy=compact, compression.type="producer", segment.bytes=104857600}
2024-06-21T22:25:13.422+05:30  INFO 89459 --- [quest-handler-4] kafka.cluster.Partition                  : [Partition __consumer_offsets-4 broker=0] No checkpointed highwatermark is found for partition __consumer_offsets-4
2024-06-21T22:25:13.422+05:30  INFO 89459 --- [quest-handler-4] kafka.cluster.Partition                  : [Partition __consumer_offsets-4 broker=0] Log loaded for partition __consumer_offsets-4 with initial high watermark 0
2024-06-21T22:25:13.422+05:30  INFO 89459 --- [quest-handler-4] state.change.logger                      : [Broker id=0] Leader __consumer_offsets-4 with topic id Some(xGbpqRHWRAyZEmah71fDXQ) starts at leader epoch 0 from offset 0 with partition epoch 0, high watermark 0, ISR [0], adding replicas [] and removing replicas []. Previous leader epoch was -1.
2024-06-21T22:25:13.431+05:30  INFO 89459 --- [quest-handler-4] kafka.log.UnifiedLog$                    : [LogLoader partition=__consumer_offsets-1, dir=/var/folders/22/k85s8fsx4fd3yz59ymwrqgz80000gn/T/spring.kafka.33e47697-d846-49e2-98cc-e389118422ef2040092462775706215] Loading producer state till offset 0 with message format version 2
2024-06-21T22:25:13.432+05:30  INFO 89459 --- [quest-handler-4] kafka.log.LogManager                     : Created log for partition __consumer_offsets-1 in /var/folders/22/k85s8fsx4fd3yz59ymwrqgz80000gn/T/spring.kafka.33e47697-d846-49e2-98cc-e389118422ef2040092462775706215/__consumer_offsets-1 with properties {cleanup.policy=compact, compression.type="producer", segment.bytes=104857600}
2024-06-21T22:25:13.432+05:30  INFO 89459 --- [quest-handler-4] kafka.cluster.Partition                  : [Partition __consumer_offsets-1 broker=0] No checkpointed highwatermark is found for partition __consumer_offsets-1
2024-06-21T22:25:13.432+05:30  INFO 89459 --- [quest-handler-4] kafka.cluster.Partition                  : [Partition __consumer_offsets-1 broker=0] Log loaded for partition __consumer_offsets-1 with initial high watermark 0
2024-06-21T22:25:13.432+05:30  INFO 89459 --- [quest-handler-4] state.change.logger                      : [Broker id=0] Leader __consumer_offsets-1 with topic id Some(xGbpqRHWRAyZEmah71fDXQ) starts at leader epoch 0 from offset 0 with partition epoch 0, high watermark 0, ISR [0], adding replicas [] and removing replicas []. Previous leader epoch was -1.
2024-06-21T22:25:13.442+05:30  INFO 89459 --- [quest-handler-4] kafka.log.UnifiedLog$                    : [LogLoader partition=__consumer_offsets-0, dir=/var/folders/22/k85s8fsx4fd3yz59ymwrqgz80000gn/T/spring.kafka.33e47697-d846-49e2-98cc-e389118422ef2040092462775706215] Loading producer state till offset 0 with message format version 2
2024-06-21T22:25:13.443+05:30  INFO 89459 --- [quest-handler-4] kafka.log.LogManager                     : Created log for partition __consumer_offsets-0 in /var/folders/22/k85s8fsx4fd3yz59ymwrqgz80000gn/T/spring.kafka.33e47697-d846-49e2-98cc-e389118422ef2040092462775706215/__consumer_offsets-0 with properties {cleanup.policy=compact, compression.type="producer", segment.bytes=104857600}
2024-06-21T22:25:13.443+05:30  INFO 89459 --- [quest-handler-4] kafka.cluster.Partition                  : [Partition __consumer_offsets-0 broker=0] No checkpointed highwatermark is found for partition __consumer_offsets-0
2024-06-21T22:25:13.443+05:30  INFO 89459 --- [quest-handler-4] kafka.cluster.Partition                  : [Partition __consumer_offsets-0 broker=0] Log loaded for partition __consumer_offsets-0 with initial high watermark 0
2024-06-21T22:25:13.443+05:30  INFO 89459 --- [quest-handler-4] state.change.logger                      : [Broker id=0] Leader __consumer_offsets-0 with topic id Some(xGbpqRHWRAyZEmah71fDXQ) starts at leader epoch 0 from offset 0 with partition epoch 0, high watermark 0, ISR [0], adding replicas [] and removing replicas []. Previous leader epoch was -1.
2024-06-21T22:25:13.450+05:30  INFO 89459 --- [    Test worker] .s.d.r.c.RepositoryConfigurationDelegate : Bootstrapping Spring Data Reactive Cassandra repositories in DEFAULT mode.
2024-06-21T22:25:13.452+05:30  INFO 89459 --- [quest-handler-4] k.coordinator.group.GroupCoordinator     : [GroupCoordinator 0]: Elected as the group coordinator for partition 3 in epoch 0
2024-06-21T22:25:13.452+05:30  INFO 89459 --- [    Test worker] .s.d.r.c.RepositoryConfigurationDelegate : Finished Spring Data repository scanning in 1 ms. Found 0 Reactive Cassandra repository interfaces.
2024-06-21T22:25:13.452+05:30  INFO 89459 --- [quest-handler-4] k.c.group.GroupMetadataManager           : [GroupMetadataManager brokerId=0] Scheduling loading of offsets and group metadata from __consumer_offsets-3 for epoch 0
2024-06-21T22:25:13.452+05:30  INFO 89459 --- [    Test worker] .s.d.r.c.RepositoryConfigurationDelegate : Bootstrapping Spring Data Cassandra repositories in DEFAULT mode.
2024-06-21T22:25:13.453+05:30  INFO 89459 --- [quest-handler-4] k.coordinator.group.GroupCoordinator     : [GroupCoordinator 0]: Elected as the group coordinator for partition 2 in epoch 0
2024-06-21T22:25:13.453+05:30  INFO 89459 --- [quest-handler-4] k.c.group.GroupMetadataManager           : [GroupMetadataManager brokerId=0] Scheduling loading of offsets and group metadata from __consumer_offsets-2 for epoch 0
2024-06-21T22:25:13.453+05:30  INFO 89459 --- [quest-handler-4] k.coordinator.group.GroupCoordinator     : [GroupCoordinator 0]: Elected as the group coordinator for partition 4 in epoch 0
2024-06-21T22:25:13.453+05:30  INFO 89459 --- [quest-handler-4] k.c.group.GroupMetadataManager           : [GroupMetadataManager brokerId=0] Scheduling loading of offsets and group metadata from __consumer_offsets-4 for epoch 0
2024-06-21T22:25:13.453+05:30  INFO 89459 --- [quest-handler-4] k.coordinator.group.GroupCoordinator     : [GroupCoordinator 0]: Elected as the group coordinator for partition 1 in epoch 0
2024-06-21T22:25:13.453+05:30  INFO 89459 --- [quest-handler-4] k.c.group.GroupMetadataManager           : [GroupMetadataManager brokerId=0] Scheduling loading of offsets and group metadata from __consumer_offsets-1 for epoch 0
2024-06-21T22:25:13.453+05:30  INFO 89459 --- [quest-handler-4] k.coordinator.group.GroupCoordinator     : [GroupCoordinator 0]: Elected as the group coordinator for partition 0 in epoch 0
2024-06-21T22:25:13.453+05:30  INFO 89459 --- [quest-handler-4] k.c.group.GroupMetadataManager           : [GroupMetadataManager brokerId=0] Scheduling loading of offsets and group metadata from __consumer_offsets-0 for epoch 0
2024-06-21T22:25:13.453+05:30  INFO 89459 --- [quest-handler-4] state.change.logger                      : [Broker id=0] Finished LeaderAndIsr request in 59ms correlationId 3 from controller 0 for 5 partitions
2024-06-21T22:25:13.455+05:30  INFO 89459 --- [quest-handler-6] state.change.logger                      : [Broker id=0] Add 5 partitions and deleted 0 partitions from metadata cache in response to UpdateMetadata request sent by controller 0 epoch 1 with correlation id 4
2024-06-21T22:25:13.455+05:30  INFO 89459 --- [    Test worker] .s.d.r.c.RepositoryConfigurationDelegate : Finished Spring Data repository scanning in 2 ms. Found 1 Cassandra repository interfaces.
2024-06-21T22:25:13.455+05:30  INFO 89459 --- [adata-manager-0] k.c.group.GroupMetadataManager           : [GroupMetadataManager brokerId=0] Finished loading offsets and group metadata from __consumer_offsets-3 in 2 milliseconds for epoch 0, of which 1 milliseconds was spent in the scheduler.
2024-06-21T22:25:13.455+05:30  INFO 89459 --- [adata-manager-0] k.c.group.GroupMetadataManager           : [GroupMetadataManager brokerId=0] Finished loading offsets and group metadata from __consumer_offsets-2 in 2 milliseconds for epoch 0, of which 2 milliseconds was spent in the scheduler.
2024-06-21T22:25:13.455+05:30  INFO 89459 --- [adata-manager-0] k.c.group.GroupMetadataManager           : [GroupMetadataManager brokerId=0] Finished loading offsets and group metadata from __consumer_offsets-4 in 2 milliseconds for epoch 0, of which 2 milliseconds was spent in the scheduler.
2024-06-21T22:25:13.455+05:30  INFO 89459 --- [adata-manager-0] k.c.group.GroupMetadataManager           : [GroupMetadataManager brokerId=0] Finished loading offsets and group metadata from __consumer_offsets-1 in 2 milliseconds for epoch 0, of which 2 milliseconds was spent in the scheduler.
2024-06-21T22:25:13.455+05:30  INFO 89459 --- [adata-manager-0] k.c.group.GroupMetadataManager           : [GroupMetadataManager brokerId=0] Finished loading offsets and group metadata from __consumer_offsets-0 in 2 milliseconds for epoch 0, of which 2 milliseconds was spent in the scheduler.
2024-06-21T22:25:13.475+05:30  INFO 89459 --- [ntainer#0-0-C-1] o.a.k.c.c.internals.ConsumerCoordinator  : [Consumer clientId=consumer-group_id-1, groupId=group_id] Discovered group coordinator localhost:9092 (id: 2147483647 rack: null)
2024-06-21T22:25:13.477+05:30  INFO 89459 --- [ntainer#0-0-C-1] o.a.k.c.c.internals.ConsumerCoordinator  : [Consumer clientId=consumer-group_id-1, groupId=group_id] (Re-)joining group
2024-06-21T22:25:13.489+05:30  INFO 89459 --- [quest-handler-2] k.coordinator.group.GroupCoordinator     : [GroupCoordinator 0]: Dynamic member with unknown member id joins group group_id in Empty state. Created a new member id consumer-group_id-1-a3932933-2352-4a35-b783-59ffbf3aacb6 and request the member to rejoin with this id.
2024-06-21T22:25:13.492+05:30  INFO 89459 --- [ntainer#0-0-C-1] o.a.k.c.c.internals.ConsumerCoordinator  : [Consumer clientId=consumer-group_id-1, groupId=group_id] Request joining group due to: need to re-join with the given member-id: consumer-group_id-1-a3932933-2352-4a35-b783-59ffbf3aacb6
2024-06-21T22:25:13.492+05:30  INFO 89459 --- [ntainer#0-0-C-1] o.a.k.c.c.internals.ConsumerCoordinator  : [Consumer clientId=consumer-group_id-1, groupId=group_id] Request joining group due to: rebalance failed due to 'The group member needs to have a valid member id before actually entering a consumer group.' (MemberIdRequiredException)
2024-06-21T22:25:13.492+05:30  INFO 89459 --- [ntainer#0-0-C-1] o.a.k.c.c.internals.ConsumerCoordinator  : [Consumer clientId=consumer-group_id-1, groupId=group_id] (Re-)joining group
2024-06-21T22:25:13.494+05:30  INFO 89459 --- [quest-handler-3] k.coordinator.group.GroupCoordinator     : [GroupCoordinator 0]: Preparing to rebalance group group_id in state PreparingRebalance with old generation 0 (__consumer_offsets-3) (reason: Adding new member consumer-group_id-1-a3932933-2352-4a35-b783-59ffbf3aacb6 with group instance id None; client reason: rebalance failed due to MemberIdRequiredException)
2024-06-21T22:25:13.497+05:30  INFO 89459 --- [cutor-Rebalance] k.coordinator.group.GroupCoordinator     : [GroupCoordinator 0]: Stabilized group group_id generation 1 (__consumer_offsets-3) with 1 members
2024-06-21T22:25:13.498+05:30  INFO 89459 --- [ntainer#0-0-C-1] o.a.k.c.c.internals.ConsumerCoordinator  : [Consumer clientId=consumer-group_id-1, groupId=group_id] Successfully joined group with generation Generation{generationId=1, memberId='consumer-group_id-1-a3932933-2352-4a35-b783-59ffbf3aacb6', protocol='range'}
2024-06-21T22:25:13.499+05:30  INFO 89459 --- [     s1-admin-0] c.d.oss.driver.internal.core.time.Clock  : Using native clock for microsecond precision
2024-06-21T22:25:13.499+05:30  INFO 89459 --- [ntainer#0-0-C-1] o.a.k.c.c.internals.ConsumerCoordinator  : [Consumer clientId=consumer-group_id-1, groupId=group_id] Finished assignment for group at generation 1: {consumer-group_id-1-a3932933-2352-4a35-b783-59ffbf3aacb6=Assignment(partitions=[users-0])}
2024-06-21T22:25:13.503+05:30  INFO 89459 --- [quest-handler-4] k.coordinator.group.GroupCoordinator     : [GroupCoordinator 0]: Assignment received from leader consumer-group_id-1-a3932933-2352-4a35-b783-59ffbf3aacb6 for group group_id for generation 1. The group has 1 members, 0 of which are static.
2024-06-21T22:25:13.527+05:30  INFO 89459 --- [ntainer#0-0-C-1] o.a.k.c.c.internals.ConsumerCoordinator  : [Consumer clientId=consumer-group_id-1, groupId=group_id] Successfully synced group in generation Generation{generationId=1, memberId='consumer-group_id-1-a3932933-2352-4a35-b783-59ffbf3aacb6', protocol='range'}
2024-06-21T22:25:13.528+05:30  INFO 89459 --- [ntainer#0-0-C-1] o.a.k.c.c.internals.ConsumerCoordinator  : [Consumer clientId=consumer-group_id-1, groupId=group_id] Notifying assignor about the new Assignment(partitions=[users-0])
2024-06-21T22:25:13.529+05:30  INFO 89459 --- [ntainer#0-0-C-1] o.a.k.c.c.internals.ConsumerCoordinator  : [Consumer clientId=consumer-group_id-1, groupId=group_id] Adding newly assigned partitions: users-0
2024-06-21T22:25:13.534+05:30  INFO 89459 --- [ntainer#0-0-C-1] o.a.k.c.c.internals.ConsumerCoordinator  : [Consumer clientId=consumer-group_id-1, groupId=group_id] Found no committed offset for partition users-0
2024-06-21T22:25:13.535+05:30  INFO 89459 --- [ntainer#0-0-C-1] o.a.k.c.c.internals.ConsumerCoordinator  : [Consumer clientId=consumer-group_id-1, groupId=group_id] Found no committed offset for partition users-0
2024-06-21T22:25:13.541+05:30  INFO 89459 --- [ntainer#0-0-C-1] o.a.k.c.c.internals.SubscriptionState    : [Consumer clientId=consumer-group_id-1, groupId=group_id] Resetting offset for partition users-0 to position FetchPosition{offset=0, offsetEpoch=Optional.empty, currentLeader=LeaderAndEpoch{leader=Optional[localhost:9092 (id: 0 rack: null)], epoch=0}}.
2024-06-21T22:25:13.548+05:30  INFO 89459 --- [ntainer#0-0-C-1] o.s.k.l.KafkaMessageListenerContainer    : group_id: partitions assigned: [users-0]
2024-06-21T22:25:13.632+05:30  INFO 89459 --- [    Test worker] o.a.k.clients.admin.AdminClientConfig    : AdminClientConfig values: 
	auto.include.jmx.reporter = true
	bootstrap.servers = [localhost:9092]
	client.dns.lookup = use_all_dns_ips
	client.id = 
	connections.max.idle.ms = 300000
	default.api.timeout.ms = 60000
	metadata.max.age.ms = 300000
	metric.reporters = []
	metrics.num.samples = 2
	metrics.recording.level = INFO
	metrics.sample.window.ms = 30000
	receive.buffer.bytes = 65536
	reconnect.backoff.max.ms = 1000
	reconnect.backoff.ms = 50
	request.timeout.ms = 30000
	retries = 2147483647
	retry.backoff.ms = 100
	sasl.client.callback.handler.class = null
	sasl.jaas.config = null
	sasl.kerberos.kinit.cmd = /usr/bin/kinit
	sasl.kerberos.min.time.before.relogin = 60000
	sasl.kerberos.service.name = null
	sasl.kerberos.ticket.renew.jitter = 0.05
	sasl.kerberos.ticket.renew.window.factor = 0.8
	sasl.login.callback.handler.class = null
	sasl.login.class = null
	sasl.login.connect.timeout.ms = null
	sasl.login.read.timeout.ms = null
	sasl.login.refresh.buffer.seconds = 300
	sasl.login.refresh.min.period.seconds = 60
	sasl.login.refresh.window.factor = 0.8
	sasl.login.refresh.window.jitter = 0.05
	sasl.login.retry.backoff.max.ms = 10000
	sasl.login.retry.backoff.ms = 100
	sasl.mechanism = GSSAPI
	sasl.oauthbearer.clock.skew.seconds = 30
	sasl.oauthbearer.expected.audience = null
	sasl.oauthbearer.expected.issuer = null
	sasl.oauthbearer.jwks.endpoint.refresh.ms = 3600000
	sasl.oauthbearer.jwks.endpoint.retry.backoff.max.ms = 10000
	sasl.oauthbearer.jwks.endpoint.retry.backoff.ms = 100
	sasl.oauthbearer.jwks.endpoint.url = null
	sasl.oauthbearer.scope.claim.name = scope
	sasl.oauthbearer.sub.claim.name = sub
	sasl.oauthbearer.token.endpoint.url = null
	security.protocol = PLAINTEXT
	security.providers = null
	send.buffer.bytes = 131072
	socket.connection.setup.timeout.max.ms = 30000
	socket.connection.setup.timeout.ms = 10000
	ssl.cipher.suites = null
	ssl.enabled.protocols = [TLSv1.2, TLSv1.3]
	ssl.endpoint.identification.algorithm = https
	ssl.engine.factory.class = null
	ssl.key.password = null
	ssl.keymanager.algorithm = SunX509
	ssl.keystore.certificate.chain = null
	ssl.keystore.key = null
	ssl.keystore.location = null
	ssl.keystore.password = null
	ssl.keystore.type = JKS
	ssl.protocol = TLSv1.3
	ssl.provider = null
	ssl.secure.random.implementation = null
	ssl.trustmanager.algorithm = PKIX
	ssl.truststore.certificates = null
	ssl.truststore.location = null
	ssl.truststore.password = null
	ssl.truststore.type = JKS

2024-06-21T22:25:13.634+05:30  INFO 89459 --- [    Test worker] o.a.kafka.common.utils.AppInfoParser     : Kafka version: 3.4.1
2024-06-21T22:25:13.634+05:30  INFO 89459 --- [    Test worker] o.a.kafka.common.utils.AppInfoParser     : Kafka commitId: 8a516edc2755df89
2024-06-21T22:25:13.634+05:30  INFO 89459 --- [    Test worker] o.a.kafka.common.utils.AppInfoParser     : Kafka startTimeMs: 1718988913634
2024-06-21T22:25:13.639+05:30  INFO 89459 --- [| adminclient-3] o.a.kafka.common.utils.AppInfoParser     : App info kafka.admin.client for adminclient-3 unregistered
2024-06-21T22:25:13.639+05:30  INFO 89459 --- [| adminclient-3] o.apache.kafka.common.metrics.Metrics    : Metrics scheduler closed
2024-06-21T22:25:13.639+05:30  INFO 89459 --- [| adminclient-3] o.apache.kafka.common.metrics.Metrics    : Closing reporter org.apache.kafka.common.metrics.JmxReporter
2024-06-21T22:25:13.640+05:30  INFO 89459 --- [| adminclient-3] o.apache.kafka.common.metrics.Metrics    : Metrics reporters closed
2024-06-21T22:25:13.642+05:30  INFO 89459 --- [    Test worker] o.a.k.clients.consumer.ConsumerConfig    : ConsumerConfig values: 
	allow.auto.create.topics = true
	auto.commit.interval.ms = 5000
	auto.include.jmx.reporter = true
	auto.offset.reset = latest
	bootstrap.servers = [localhost:9092]
	check.crcs = true
	client.dns.lookup = use_all_dns_ips
	client.id = consumer-group_id-2
	client.rack = 
	connections.max.idle.ms = 540000
	default.api.timeout.ms = 60000
	enable.auto.commit = false
	exclude.internal.topics = true
	fetch.max.bytes = 52428800
	fetch.max.wait.ms = 500
	fetch.min.bytes = 1
	group.id = group_id
	group.instance.id = null
	heartbeat.interval.ms = 3000
	interceptor.classes = []
	internal.leave.group.on.close = true
	internal.throw.on.fetch.stable.offset.unsupported = false
	isolation.level = read_uncommitted
	key.deserializer = class org.apache.kafka.common.serialization.StringDeserializer
	max.partition.fetch.bytes = 1048576
	max.poll.interval.ms = 300000
	max.poll.records = 500
	metadata.max.age.ms = 300000
	metric.reporters = []
	metrics.num.samples = 2
	metrics.recording.level = INFO
	metrics.sample.window.ms = 30000
	partition.assignment.strategy = [class org.apache.kafka.clients.consumer.RangeAssignor, class org.apache.kafka.clients.consumer.CooperativeStickyAssignor]
	receive.buffer.bytes = 65536
	reconnect.backoff.max.ms = 1000
	reconnect.backoff.ms = 50
	request.timeout.ms = 30000
	retry.backoff.ms = 100
	sasl.client.callback.handler.class = null
	sasl.jaas.config = null
	sasl.kerberos.kinit.cmd = /usr/bin/kinit
	sasl.kerberos.min.time.before.relogin = 60000
	sasl.kerberos.service.name = null
	sasl.kerberos.ticket.renew.jitter = 0.05
	sasl.kerberos.ticket.renew.window.factor = 0.8
	sasl.login.callback.handler.class = null
	sasl.login.class = null
	sasl.login.connect.timeout.ms = null
	sasl.login.read.timeout.ms = null
	sasl.login.refresh.buffer.seconds = 300
	sasl.login.refresh.min.period.seconds = 60
	sasl.login.refresh.window.factor = 0.8
	sasl.login.refresh.window.jitter = 0.05
	sasl.login.retry.backoff.max.ms = 10000
	sasl.login.retry.backoff.ms = 100
	sasl.mechanism = GSSAPI
	sasl.oauthbearer.clock.skew.seconds = 30
	sasl.oauthbearer.expected.audience = null
	sasl.oauthbearer.expected.issuer = null
	sasl.oauthbearer.jwks.endpoint.refresh.ms = 3600000
	sasl.oauthbearer.jwks.endpoint.retry.backoff.max.ms = 10000
	sasl.oauthbearer.jwks.endpoint.retry.backoff.ms = 100
	sasl.oauthbearer.jwks.endpoint.url = null
	sasl.oauthbearer.scope.claim.name = scope
	sasl.oauthbearer.sub.claim.name = sub
	sasl.oauthbearer.token.endpoint.url = null
	security.protocol = PLAINTEXT
	security.providers = null
	send.buffer.bytes = 131072
	session.timeout.ms = 45000
	socket.connection.setup.timeout.max.ms = 30000
	socket.connection.setup.timeout.ms = 10000
	ssl.cipher.suites = null
	ssl.enabled.protocols = [TLSv1.2, TLSv1.3]
	ssl.endpoint.identification.algorithm = https
	ssl.engine.factory.class = null
	ssl.key.password = null
	ssl.keymanager.algorithm = SunX509
	ssl.keystore.certificate.chain = null
	ssl.keystore.key = null
	ssl.keystore.location = null
	ssl.keystore.password = null
	ssl.keystore.type = JKS
	ssl.protocol = TLSv1.3
	ssl.provider = null
	ssl.secure.random.implementation = null
	ssl.trustmanager.algorithm = PKIX
	ssl.truststore.certificates = null
	ssl.truststore.location = null
	ssl.truststore.password = null
	ssl.truststore.type = JKS
	value.deserializer = class org.apache.kafka.common.serialization.StringDeserializer

2024-06-21T22:25:13.644+05:30  INFO 89459 --- [    Test worker] o.a.kafka.common.utils.AppInfoParser     : Kafka version: 3.4.1
2024-06-21T22:25:13.644+05:30  INFO 89459 --- [    Test worker] o.a.kafka.common.utils.AppInfoParser     : Kafka commitId: 8a516edc2755df89
2024-06-21T22:25:13.644+05:30  INFO 89459 --- [    Test worker] o.a.kafka.common.utils.AppInfoParser     : Kafka startTimeMs: 1718988913644
2024-06-21T22:25:13.644+05:30  INFO 89459 --- [    Test worker] o.a.k.clients.consumer.KafkaConsumer     : [Consumer clientId=consumer-group_id-2, groupId=group_id] Subscribed to topic(s): users
2024-06-21T22:25:13.650+05:30  INFO 89459 --- [    Test worker] c.e.k.service.KafkaProducerServiceTest   : Started KafkaProducerServiceTest in 0.257 seconds (process running for 3.823)
2024-06-21T22:25:13.653+05:30  INFO 89459 --- [ntainer#0-0-C-1] org.apache.kafka.clients.Metadata        : [Consumer clientId=consumer-group_id-2, groupId=group_id] Resetting the last seen epoch of partition users-0 to 0 since the associated topicId changed from null to EP-DCTboQdWAIk9N8gPMFg
2024-06-21T22:25:13.653+05:30  INFO 89459 --- [ntainer#0-0-C-1] org.apache.kafka.clients.Metadata        : [Consumer clientId=consumer-group_id-2, groupId=group_id] Cluster ID: ljEQ--5MQh-NWM3JUH6A1w
2024-06-21T22:25:13.654+05:30  INFO 89459 --- [ntainer#0-0-C-1] o.a.k.c.c.internals.ConsumerCoordinator  : [Consumer clientId=consumer-group_id-2, groupId=group_id] Discovered group coordinator localhost:9092 (id: 2147483647 rack: null)
2024-06-21T22:25:13.655+05:30  INFO 89459 --- [ntainer#0-0-C-1] o.a.k.c.c.internals.ConsumerCoordinator  : [Consumer clientId=consumer-group_id-2, groupId=group_id] (Re-)joining group
2024-06-21T22:25:13.658+05:30  INFO 89459 --- [quest-handler-3] k.coordinator.group.GroupCoordinator     : [GroupCoordinator 0]: Dynamic member with unknown member id joins group group_id in Stable state. Created a new member id consumer-group_id-2-147e11b7-dc56-45ab-ab5d-571c33635b48 and request the member to rejoin with this id.
2024-06-21T22:25:13.659+05:30  INFO 89459 --- [ntainer#0-0-C-1] o.a.k.c.c.internals.ConsumerCoordinator  : [Consumer clientId=consumer-group_id-2, groupId=group_id] Request joining group due to: need to re-join with the given member-id: consumer-group_id-2-147e11b7-dc56-45ab-ab5d-571c33635b48
2024-06-21T22:25:13.659+05:30  INFO 89459 --- [ntainer#0-0-C-1] o.a.k.c.c.internals.ConsumerCoordinator  : [Consumer clientId=consumer-group_id-2, groupId=group_id] Request joining group due to: rebalance failed due to 'The group member needs to have a valid member id before actually entering a consumer group.' (MemberIdRequiredException)
2024-06-21T22:25:13.659+05:30  INFO 89459 --- [ntainer#0-0-C-1] o.a.k.c.c.internals.ConsumerCoordinator  : [Consumer clientId=consumer-group_id-2, groupId=group_id] (Re-)joining group
2024-06-21T22:25:13.661+05:30  INFO 89459 --- [quest-handler-4] k.coordinator.group.GroupCoordinator     : [GroupCoordinator 0]: Preparing to rebalance group group_id in state PreparingRebalance with old generation 1 (__consumer_offsets-3) (reason: Adding new member consumer-group_id-2-147e11b7-dc56-45ab-ab5d-571c33635b48 with group instance id None; client reason: rebalance failed due to MemberIdRequiredException)
]]></system-out>
  <system-err><![CDATA[]]></system-err>
</testsuite>
