<?xml version="1.0" encoding="UTF-8"?>
<testsuite name="com.example.kafka.controller.KafkaMessageControllerIntegrationTest" tests="1" skipped="0" failures="0" errors="0" timestamp="2024-06-23T21:12:00" hostname="192.168.1.2" time="0.054">
  <properties/>
  <testcase name="testGetMessages()" classname="com.example.kafka.controller.KafkaMessageControllerIntegrationTest" time="0.054"/>
  <system-out><![CDATA[2024-06-24T02:42:00.600+05:30  INFO 32357 --- [    Test worker] t.c.s.AnnotationConfigContextLoaderUtils : Could not detect default configuration classes for test class [com.example.kafka.controller.KafkaMessageControllerIntegrationTest]: KafkaMessageControllerIntegrationTest does not declare any static, non-private, non-final, nested classes annotated with @Configuration.
2024-06-24T02:42:00.607+05:30  INFO 32357 --- [    Test worker] .b.t.c.SpringBootTestContextBootstrapper : Found @SpringBootConfiguration com.example.kafka.Main for test class com.example.kafka.controller.KafkaMessageControllerIntegrationTest

  .   ____          _            __ _ _
 /\\ / ___'_ __ _ _(_)_ __  __ _ \ \ \ \
( ( )\___ | '_ | '_| | '_ \/ _` | \ \ \ \
 \\/  ___)| |_)| | | | | || (_| |  ) ) ) )
  '  |____| .__|_| |_|_| |_\__, | / / / /
 =========|_|==============|___/=/_/_/_/
 :: Spring Boot ::                (v3.1.1)

2024-06-24T02:42:00.616+05:30  INFO 32357 --- [    Test worker] .c.KafkaMessageControllerIntegrationTest : Starting KafkaMessageControllerIntegrationTest using Java 20.0.2 with PID 32357 (started by ekankaar in /Users/ekankaar/IdeaProjects/kafka1)
2024-06-24T02:42:00.616+05:30  INFO 32357 --- [    Test worker] .c.KafkaMessageControllerIntegrationTest : No active profile set, falling back to 1 default profile: "default"
2024-06-24T02:42:00.682+05:30  INFO 32357 --- [    Test worker] o.s.b.t.m.w.SpringBootMockServletContext : Initializing Spring TestDispatcherServlet ''
2024-06-24T02:42:00.682+05:30  INFO 32357 --- [    Test worker] o.s.t.web.servlet.TestDispatcherServlet  : Initializing Servlet ''
2024-06-24T02:42:00.683+05:30  INFO 32357 --- [    Test worker] o.s.t.web.servlet.TestDispatcherServlet  : Completed initialization in 0 ms
2024-06-24T02:42:00.685+05:30  INFO 32357 --- [    Test worker] .c.KafkaMessageControllerIntegrationTest : Started KafkaMessageControllerIntegrationTest in 0.076 seconds (process running for 3.494)
]]></system-out>
  <system-err><![CDATA[]]></system-err>
</testsuite>
